[2023-12-10T09:28:41.475298+00:00] d2f0b19c-3ada-45ae-b2c6-25d7310d8d55.INFO: User created: 123  
[2023-12-10T09:28:50.274046+00:00] 7e5adac4-9b48-4f6b-8d95-fd2e9e28c14f.INFO: User created: 123  
[2023-12-10T09:28:51.914328+00:00] 53284fb6-f60c-4810-ac06-23777258d197.INFO: User created: 123  
[2023-12-10T09:28:52.793103+00:00] 208bd17d-623c-4596-a5cc-685c29dbc3b1.INFO: User created: 123  
[2023-12-10T09:29:38.610301+00:00] 71ff924c-43de-4ea8-a571-e4e085ffcd96.INFO: User created: 123  
[2023-12-10T09:29:42.775912+00:00] 1b77fd1e-f999-445d-8787-5271d18d7b7a.INFO: User created: 123  
[2023-12-10T09:29:45.295128+00:00] ef3d72e7-10e3-42bf-b5ce-b623a5ecaac1.INFO: User created: 123  
[2023-12-10T09:29:46.123063+00:00] 2d56ffc0-deaf-4901-a6c4-d4ee20501c0b.INFO: User created: 123  
[2023-12-10T09:29:46.646209+00:00] 923517d8-d550-4083-8a98-a4d485334e2c.INFO: User created: 123  
[2023-12-10T09:29:47.613549+00:00] e77e7e5a-0934-4b65-8a0b-48847721483c.INFO: User created: 123  
[2023-12-10T09:29:55.634877+00:00] aadb371c-774e-4927-bbbb-bb78bf157b99.INFO: User created: 123  
[2023-12-10T09:29:56.284404+00:00] 5eed72ee-5d5e-454c-9b21-ea99b9bf63e3.INFO: User created: 123  
[2023-12-10T09:29:56.750831+00:00] c5b43612-704a-4282-90d5-33f1aa1bf4e8.INFO: User created: 123  
[2023-12-10T09:33:16.637371+00:00] b971b2e8-fc92-4dff-8f56-26830951e4db.INFO: User created: 123  
[2023-12-10T09:33:20.822036+00:00] 5f597ec4-a9c1-4b3c-ab87-90ed499175f8.INFO: User created: 123  
[2023-12-10T09:34:31.990002+00:00] 3bf36322-c141-4ac1-b980-d35ae1736705.INFO: User created: 123  
[2023-12-10T09:34:33.123663+00:00] 8917687b-5dfd-4bce-8b97-22e50bc09f6a.INFO: User created: 123  
[2023-12-10T09:34:33.909877+00:00] 09e64f37-c22a-492c-aafb-c676c9664fd8.INFO: User created: 123  
[2023-12-10T09:34:35.885680+00:00] ada28737-cd8e-4526-8bad-1b048d20afc5.INFO: User created: 123  
[2023-12-10T09:34:36.425047+00:00] 6c73f0ed-1b91-4c1d-8c29-b50990fffc0e.INFO: User created: 123  
[2023-12-10T09:34:37.104955+00:00] 6c0d6b37-6347-4f43-a966-99ad5dee9f40.INFO: User created: 123  
[2023-12-10T09:34:41.680414+00:00] c5c32231-7626-400a-9e0f-4e681561274c.INFO: User created: 123  
[2023-12-10T09:34:44.278985+00:00] 29f9d3b8-3e05-41d9-9e27-5cb85fd873c2.INFO: User created: 123  
[2023-12-10T09:34:47.061949+00:00] 60d915f3-21d5-492b-abbb-ac948e044c98.INFO: User created: 123  
[2023-12-10T09:34:52.065496+00:00] 0408ee1f-3284-4a9b-a5d3-e494c94f27d4.INFO: User created: 123  
[2023-12-10T09:34:54.044694+00:00] 216ec90b-e564-4385-9e7b-a81c8ee47844.INFO: User created: 123  
[2023-12-10T09:34:55.152181+00:00] 4a5638cd-c84f-43ea-ab06-c6e31e7d1677.INFO: User created: 123  
[2023-12-10T09:34:55.648297+00:00] 04b61652-38fe-4717-890d-ddcb3d0df416.INFO: User created: 123  
[2023-12-10T09:34:56.474213+00:00] ec24049b-6938-43c1-a1ed-f5257337d273.INFO: User created: 123  
[2023-12-10T09:34:56.983318+00:00] 973938d9-aa0e-4745-bbc3-0768bf07b511.INFO: User created: 123  
[2023-12-10T09:37:09.780642+00:00] e359ee91-65e4-4dea-97c6-09731d096406.INFO: User created: 123  
[2023-12-10T09:37:10.434571+00:00] 2d72aaf3-22ce-4c6c-84aa-5991cb29d5ca.INFO: User created: 123  
[2023-12-10T09:37:10.953583+00:00] 507a9714-5f3d-4fc3-9de1-9f72ebc87ee4.INFO: User created: 123  
[2023-12-10T09:39:09.735150+00:00] 721bb0df-1a7c-487c-b973-62f7c010a7db.INFO: User created: 123  
[2023-12-10T09:39:10.433641+00:00] 751d1f83-efde-4025-8b19-5ec5009ce8ef.INFO: User created: 123  
[2023-12-10T09:39:18.999151+00:00] 7524bcb6-c433-41ea-b385-db81e78caec7.INFO: User created: 123  
[2023-12-10T09:39:21.815832+00:00] 53993c24-b29e-43aa-bf0f-ec5349510ce9.INFO: User created: 123  
[2023-12-10T09:39:22.706900+00:00] 855b1fc6-27ff-4644-9e19-d7610217b27e.INFO: User created: 123  
[2023-12-10T09:39:23.783246+00:00] 66d457ee-6283-4123-8e24-1b63cf6d424e.INFO: User created: 123  
[2023-12-10T09:39:25.188138+00:00] 3885b072-7307-4606-9bb0-62b8dbd58bc1.INFO: User created: 123  
[2023-12-10T09:39:25.788062+00:00] 1b4ad3e7-1a55-46d3-9b74-084d2c277e74.INFO: User created: 123  
[2023-12-10T09:41:04.921954+00:00] b03e8017-9de8-4048-8e8a-c1a2384cd85c.INFO: User created: 123  
[2023-12-10T09:41:05.483615+00:00] a89c8912-604c-4f02-95db-9da1ecd59a84.INFO: User created: 123  
[2023-12-10T09:41:06.063476+00:00] 25310246-bbf8-4943-a1c6-85e2d1f8f4d8.INFO: User created: 123  
[2023-12-10T09:41:07.057215+00:00] 4a662711-c6ee-49c1-b41d-fff0660dc778.INFO: User created: 123  
[2023-12-10T09:41:07.545988+00:00] 7e240593-d03f-4760-b481-fbd8b31fa1e6.INFO: User created: 123  
[2023-12-10T09:41:13.547423+00:00] 51a37af5-963a-46f1-a8bf-a48af3546f2e.INFO: User created: 123  
[2023-12-10T09:41:14.554152+00:00] f4b339b9-1d1d-44d2-9146-a36ad5d83593.INFO: User created: 123  
[2023-12-10T09:41:16.342801+00:00] f0844979-36c4-40b5-a5af-9bba0f9e35d3.INFO: User created: 123  
[2023-12-10T09:41:16.860236+00:00] bb26281a-0d5e-457e-abcb-9cac7116e0ac.INFO: User created: 123  
[2023-12-10T09:41:17.540872+00:00] a058d085-fd01-4b21-979d-d02eccc8c3f2.INFO: User created: 123  
[2023-12-10T09:41:18.152106+00:00] f306ba7c-2076-454e-b87b-1d0f5755677b.INFO: User created: 123  
[2023-12-10T09:41:18.649255+00:00] 0c470c8b-0b13-4ae3-84a0-b04aaafc30de.INFO: User created: 123  
[2023-12-10T09:41:19.126309+00:00] 947a8fdf-eb4b-418a-9fa5-132ab86144a8.INFO: User created: 123  
[2023-12-10T09:41:19.635532+00:00] bd0223bb-6aa6-4fba-85f1-4b4b384ad3a1.INFO: User created: 123  
[2023-12-10T09:41:25.027399+00:00] a8aaba53-dc71-4053-878a-cc0103b19723.INFO: User created: 123  
[2023-12-10T09:41:26.322365+00:00] e8d83a08-3068-4e8a-b23d-b7719ea5e62f.INFO: User created: 123  
[2023-12-10T09:41:26.827069+00:00] 8737abc7-5b59-47c0-8fc4-f531bb0cf54c.INFO: User created: 123  
[2023-12-10T09:41:28.143731+00:00] b56d2d58-602d-459d-9235-7240b830a048.INFO: User created: 123  
[2023-12-10T09:42:20.972742+00:00] 4bc8b074-556d-4aaf-9e57-6449a3b8e4d0.INFO: User created: 123  
[2023-12-10T09:42:25.843605+00:00] 47c4f3d3-574c-4187-a767-f660068446f4.INFO: User created: 123  
[2023-12-10T09:43:34.161822+00:00] b9b49d1a-43ee-4366-ad36-d89f4585e2cc.INFO: User created: 123  
[2023-12-10T09:43:46.719421+00:00] 7ce62eba-cf53-4d42-b763-73093613d690.INFO: User created: 123  
[2023-12-10T09:43:52.854633+00:00] 63237ab1-4dbc-41cc-8e81-61f38925b6e9.INFO: User created: 123  
[2023-12-10T09:43:54.850851+00:00] 2069e2c6-860b-4b9c-8c24-e5122090adb9.INFO: User created: 123  
[2023-12-10T09:44:33.049917+00:00] 21458d89-b947-40b8-8054-28e38bc704fa.INFO: User created: 123  
[2023-12-10T09:44:35.055497+00:00] 62457685-5d1b-453d-a6a5-a3786ff6b66a.INFO: User created: 123  
[2023-12-10T09:44:36.199863+00:00] 6ef5825e-1f52-47b3-b005-d44b641e5bff.INFO: User created: 123  
[2023-12-10T09:44:37.503222+00:00] 703a2080-9da9-4593-8f24-465da240379e.INFO: User created: 123  
[2023-12-10T09:44:38.150748+00:00] c767d7a8-a0d0-4817-9dc9-033dd5eb28eb.INFO: User created: 123  
[2023-12-10T09:44:38.689581+00:00] 4e8d01c0-b5c9-4bd4-a957-5e36dde31473.INFO: User created: 123  
[2023-12-10T09:44:39.246036+00:00] 2334c00b-808a-4382-b016-21f2cd94eba4.INFO: User created: 123  
[2023-12-10T09:44:42.459336+00:00] a46e3769-0dab-4734-8518-e6362c4fbdee.INFO: User created: 123  
[2023-12-10T09:44:43.924552+00:00] d4f272de-436d-4249-9986-fc752d6c6074.INFO: User created: 123  
[2023-12-10T09:44:45.282595+00:00] ee45433a-d9fe-466d-aad9-eecd2ff5ef2b.INFO: User created: 123  
[2023-12-10T09:44:47.065067+00:00] 7b54c745-e297-4a62-b918-26d093cd3b36.INFO: User created: 123  
[2023-12-10T09:45:35.370706+00:00] 8a27700d-44d7-4b89-8df4-4d9331c6259e.INFO: User created: 123  
[2023-12-10T09:45:42.923854+00:00] 03e140ce-f0ea-4126-91e3-b878bb0de2e6.INFO: User created: 123  
[2023-12-10T09:45:43.864469+00:00] be1a89f4-ee70-4155-91d1-971d7d97915e.INFO: User created: 123  
[2023-12-10T09:45:45.180365+00:00] 7d67bb1f-ae61-478d-92cb-c8e72f28800b.INFO: User created: 123  
[2023-12-10T09:45:48.591594+00:00] e3d8ff15-e1f2-4c81-a937-950dc817b599.INFO: User created: 123  
[2023-12-10T09:45:50.048120+00:00] 19966d31-5727-48e4-ba21-174dc0169951.INFO: User created: 123  
[2023-12-10T09:46:30.540435+00:00] 87047c23-ff24-4bb0-abb5-150821cfdb7b.INFO: User created: 123  
[2023-12-10T09:46:53.327754+00:00] 0c011f13-1071-4c09-9d25-79e274e6dbc3.INFO: User created: 123  
[2023-12-10T09:46:55.311557+00:00] 35c7256c-8d93-4e60-86fb-92964a8a1cd2.INFO: User created: 123  
[2023-12-10T09:47:02.186882+00:00] f5b307cd-1460-49eb-9c5e-69850d96a458.INFO: User created: 123  
[2023-12-10T09:47:03.381032+00:00] f41da2f5-bf25-4e9f-9016-96f9f8e46b70.INFO: User created: 123  
[2023-12-10T09:47:04.422348+00:00] 0229fa54-d4c6-4a92-8526-a208ad2af868.INFO: User created: 123  
[2023-12-10T09:47:04.864369+00:00] a6679289-3301-49c7-996e-2e0a41e920af.INFO: User created: 123  
[2023-12-10T09:47:05.497643+00:00] 31032dfc-a075-4aa8-bec6-442891d09522.INFO: User created: 123  
[2023-12-10T09:47:07.067632+00:00] c9870fe1-6fc6-4c47-bc6b-42c419db2a82.INFO: User created: 123  
[2023-12-10T09:47:17.712512+00:00] 75b07757-e1ab-4096-9f53-65b879e88d5e.INFO: User created: 123  
[2023-12-10T09:47:24.224790+00:00] c02da532-0821-4194-9add-aef1b89e4183.INFO: User created: 123  
[2023-12-10T09:47:25.475856+00:00] 43c77dae-72f2-46f3-b7bc-dc49b9582d6c.INFO: User created: 123  
[2023-12-10T09:47:26.176056+00:00] 29d08e82-53a5-4be1-b714-1c0e713c8378.INFO: User created: 123  
[2023-12-10T09:47:26.760152+00:00] 7ba2eff1-e3cd-45bb-b5e0-b6435b283050.INFO: User created: 123  
[2023-12-10T09:47:28.021309+00:00] 1f09cf2a-3084-4d8b-bcb4-7da696fc0032.INFO: User created: 123  
[2023-12-10T09:47:28.639663+00:00] 85879bbb-f306-4fbc-bb7c-4e7c97f8b51a.INFO: User created: 123  
[2023-12-10T09:47:29.358076+00:00] 65e8b947-8086-47e9-bb16-706b508242a2.INFO: User created: 123  
[2023-12-10T09:47:29.954990+00:00] c0a8c46c-9fa8-4345-8abf-15ef6cb3ac39.INFO: User created: 123  
[2023-12-10T09:47:30.445400+00:00] bf4dd2ca-38a1-4dd7-826e-8e5b5314dc03.INFO: User created: 123  
[2023-12-10T09:47:31.008429+00:00] 1e7d37b9-b024-40d4-b08f-cebb01ab13c9.INFO: User created: 123  
[2023-12-10T09:47:31.750050+00:00] 37e024a7-2a4b-4acc-bcdb-f2209a9079c2.INFO: User created: 123  
[2023-12-10T09:47:32.332122+00:00] a145e1c1-d21a-4576-a685-6d7134d3334b.INFO: User created: 123  
[2023-12-10T09:47:33.036726+00:00] d7607741-1182-4f88-b91f-72ad5f33fd49.INFO: User created: 123  
[2023-12-10T09:47:58.934834+00:00] 42eb77c6-9282-4f6a-88e5-1d45b344f4df.INFO: User created: 123  
[2023-12-10T09:47:59.536242+00:00] 615f76df-efbb-432a-b032-086d50f50b34.INFO: User created: 123  
[2023-12-10T09:48:00.097510+00:00] 44ecfe1b-0fd3-4088-991c-42d510950d7a.INFO: User created: 123  
[2023-12-10T10:01:39.393090+00:00] 95fcd95d-27ff-44fd-989b-cbfaeddef205.INFO: User created: 123  
[2023-12-10T10:01:56.042623+00:00] c322c598-3eeb-49db-8060-cf8b0988b058.INFO: User created: 123  
[2023-12-10T10:01:57.330708+00:00] f1d968f7-44e0-4a6c-8280-52154ab3cee4.INFO: User created: 123  
[2023-12-10T10:01:58.041127+00:00] a016466e-da22-460b-8808-2ccf5440ebca.INFO: User created: 123  
[2023-12-10T10:01:58.871628+00:00] fca0752c-6f69-46b9-9360-dbe107877681.INFO: User created: 123  
[2023-12-10T10:01:59.447731+00:00] c275a821-fd2e-48eb-819d-052bb7377d05.INFO: User created: 123  
[2023-12-10T10:02:00.944468+00:00] 2901ef16-d269-41ca-8b45-e23b9907afc3.INFO: User created: 123  
[2023-12-10T10:02:02.162186+00:00] aea4ef50-de53-4194-a1b9-dd95ce0b9095.INFO: User created: 123  
[2023-12-10T10:02:03.217612+00:00] 3e34f37e-1d47-4945-9540-48150db56b43.INFO: User created: 123  
[2023-12-10T10:02:04.623830+00:00] 4a5da736-6435-4bac-afd7-0082d1f70b0c.INFO: User created: 123  
[2023-12-10T10:02:05.084315+00:00] 0e9248db-381d-4daa-a6d1-f9790bd0efd0.INFO: User created: 123  
[2023-12-10T10:03:35.838874+00:00] 9c2d4d14-d8da-4875-be77-851d45b046cb.INFO: User created: 123  
[2023-12-10T10:04:40.897473+00:00] e45edb2d-d79a-4dd1-a10d-7432b8764d4f.INFO: User created: 123  
[2023-12-10T10:07:38.888295+00:00] 33470dc7-f332-4bfb-a97f-8038e3626eb0.INFO: User created: 123  
[2023-12-10T10:07:44.145629+00:00] 4c778ab3-69be-4667-aa33-d44466bdccff.INFO: User created: 123  
[2023-12-10T10:08:15.673648+00:00] 59b13be0-d617-4f47-beec-4ab48648632e.INFO: User created: 123  
[2023-12-10T10:08:16.329530+00:00] 9d36c902-8f29-4645-9783-dab96bbd0ae9.INFO: User created: 123  
[2023-12-10T10:08:16.965510+00:00] b0101624-ad9f-4f88-aef5-6cd749871888.INFO: User created: 123  
[2023-12-10T10:08:17.608641+00:00] 64276b0c-f8bc-4dac-a72c-fa39e85b5ebb.INFO: User created: 123  
[2023-12-10T10:08:18.173590+00:00] 67786c02-682b-4454-99e1-dda68bf4f886.INFO: User created: 123  
[2023-12-10T10:08:18.653861+00:00] 2b18e032-59c6-4090-a7e0-3e7278bc6168.INFO: User created: 123  
[2023-12-10T12:57:03.167656+00:00] 43734c27-1758-43f7-864b-f666bd5197e9.INFO: User created: 123  
[2023-12-10T12:57:45.433976+00:00] 7b1655d7-747a-402d-bf1d-b3dade9e569e.INFO: User created: 123  
[2023-12-10T12:57:46.358561+00:00] 7b1655d7-747a-402d-bf1d-b3dade9e569e.ERROR: An exception occurred in the driver: SQLSTATE[HY000] [2019] Unknown character set  
[2023-12-10T12:59:08.105928+00:00] 128d7958-bea6-4e42-8823-0f026b2c29db.INFO: User created: 123  
[2023-12-10T12:59:08.777401+00:00] 128d7958-bea6-4e42-8823-0f026b2c29db.ERROR: An exception occurred while executing a query: SQLSTATE[42S22]: Column not found: 1054 Unknown column 'createdAt' in 'field list'  
[2023-12-10T12:59:48.281326+00:00] 67ff24c4-6766-49c5-b5b4-b552b2ea8f66.INFO: User created: 123  
[2023-12-10T12:59:48.339980+00:00] 67ff24c4-6766-49c5-b5b4-b552b2ea8f66.ERROR: An exception occurred while executing a query: SQLSTATE[23000]: Integrity constraint violation: 1048 Column 'created_at' cannot be null  
[2023-12-10T13:00:23.896612+00:00] 05db26be-6a8a-4a54-ad6c-4d4a2ee7f819.INFO: User created: 123  
[2023-12-10T13:00:38.146347+00:00] fb977761-dcf5-40ae-ba61-8a2c82cab39a.INFO: User created: 123  
[2023-12-10T13:52:28.139675+00:00] 13e5634a-8f82-4569-9689-37278d7a7ee6.INFO: User created: 123  
[2023-12-10T13:52:32.370577+00:00] 4e90613a-f7e3-4dec-a026-79fde507fe42.INFO: User created: 123  
[2023-12-10T13:52:37.935064+00:00] bdf3ae1d-342d-4ace-ba8a-9b326374f2ee.INFO: User created: 123  
[2023-12-10T13:52:41.267155+00:00] 98fddc85-068b-47df-82d6-0e246763b79f.INFO: User created: 123  
[2023-12-10T13:52:42.409774+00:00] 960a07d3-931a-4d73-860a-5cb3ef3c2d2a.INFO: User created: 123  
[2023-12-10T13:52:44.497770+00:00] 9c0bb323-9c20-4c57-82b8-4c583a56ebfc.INFO: User created: 123  
[2023-12-10T13:52:45.830598+00:00] 6e0e5edc-3f48-4c77-994b-8ebefc9dd23f.INFO: User created: 123  
[2023-12-10T13:53:00.193366+00:00] 85367e1f-27f8-4790-99f0-206bad1c4908.INFO: User created: 123  
[2023-12-10T13:53:01.123047+00:00] 5e570688-4955-4a6e-9f77-a6d4cbc64731.INFO: User created: 123  
[2023-12-10T13:53:07.390149+00:00] 05a90b46-98dd-4b3f-94a6-4242f4fb2e1d.INFO: User created: 123  
[2023-12-10T14:35:29.636255+00:00] 3a39b3c9-0c0b-4dc2-b550-452fb2b189b3.INFO: User created: 123  
[2023-12-10T14:35:31.309048+00:00] 1f8a7437-b581-401d-a1bf-f23ddd0c3a5c.INFO: User created: 123  
[2023-12-10T14:35:32.315759+00:00] 89e17940-c122-419b-8311-e6946c412fa6.INFO: User created: 123  
[2023-12-10T14:35:33.117760+00:00] 2a16c1f2-e512-4a07-9963-5af84058fef1.INFO: User created: 123  
[2023-12-10T14:35:33.750824+00:00] 30ac00e0-e249-4902-b594-55cef7386145.INFO: User created: 123  
[2023-12-10T14:35:35.337400+00:00] 6cec74bf-e2ab-4c94-adfd-f17aca7c94bd.INFO: User created: 123  
[2023-12-10T14:35:35.806488+00:00] 8e5a940c-dfb4-4c1f-a93e-4580a0480496.INFO: User created: 123  
[2023-12-10T14:35:36.587322+00:00] fcdee16a-5dc6-4792-a891-0a0b942242a9.INFO: User created: 123  
[2023-12-10T14:35:37.099877+00:00] 23ea614b-f5d6-44fa-8be9-195277c38f8a.INFO: User created: 123  
[2023-12-10T14:35:38.399877+00:00] e838714a-8a9a-459d-bc11-dd073e9d3009.INFO: User created: 123  
[2023-12-10T14:35:39.004047+00:00] 779e98ee-337e-4b80-84e7-1722b254db19.INFO: User created: 123  
[2023-12-10T14:35:39.491229+00:00] 3175af89-8bab-4f23-a9c2-5a5bb631a9ae.INFO: User created: 123  
[2023-12-10T14:35:40.634122+00:00] d5899926-49e5-4938-8d58-4e160402a4b9.INFO: User created: 123  
[2023-12-10T14:42:03.951943+00:00] a9fe08e8-2983-49b0-a234-89ca693a5175.INFO: User created: 123  
[2023-12-10T15:01:06.197831+00:00] ac4b3924-e3cf-43ec-a35c-a404fc38e5b1.INFO: User created: 123  
[2023-12-10T15:03:26.267867+00:00] 02040543-d617-4210-b1ec-4aa46bf2dc3b.INFO: User created: 123  
[2023-12-10T15:03:39.243497+00:00] 7d4ecfd5-51da-4e72-870c-54224f02a07f.INFO: User created: 123  
[2023-12-10T15:06:01.367925+00:00] 58d7015d-406a-4944-92d5-33a46ba342c6.INFO: User created: 123  
[2023-12-10T15:06:01.491059+00:00] 58d7015d-406a-4944-92d5-33a46ba342c6.ERROR: Unknown "path" function. Did you mean "base_path"?  
[2023-12-10T15:06:11.436394+00:00] 7150fb6a-b61e-4a16-ac95-79e4bc079cfd.INFO: User created: 123  
[2023-12-10T15:06:15.286267+00:00] 45cc494f-9390-49d1-853c-fe950e18843a.INFO: User created: 123  
[2023-12-10T15:06:15.326719+00:00] 45cc494f-9390-49d1-853c-fe950e18843a.ERROR: Unknown "path" function. Did you mean "base_path"?  
[2023-12-10T15:06:45.237347+00:00] 2cea91d6-be47-4140-94e2-5f4aa038af8c.INFO: User created: 123  
[2023-12-10T15:06:45.246420+00:00] 2cea91d6-be47-4140-94e2-5f4aa038af8c.ERROR: Unknown "path" function. Did you mean "base_path"?  
[2023-12-10T15:10:04.509598+00:00] e1473a6d-95e7-417e-80e0-0b361e73fa87.INFO: User created: 123  
[2023-12-10T15:10:27.773657+00:00] 5c2bcf5f-ab89-4381-a051-3c6facd6408e.INFO: User created: 123  
[2023-12-10T15:10:27.779861+00:00] 5c2bcf5f-ab89-4381-a051-3c6facd6408e.ERROR: Unknown "path" function. Did you mean "base_path"?  
[2023-12-10T15:11:31.292096+00:00] ebd69671-422f-4993-95e8-c51f4fafb4d8.INFO: User created: 123  
[2023-12-10T15:11:31.313949+00:00] ebd69671-422f-4993-95e8-c51f4fafb4d8.ERROR: Unknown "path" function. Did you mean "base_path"?  
[2023-12-10T15:12:15.084379+00:00] 6f7a71ab-9493-49d5-addc-d9cb92feedf1.INFO: User created: 123  
[2023-12-10T15:29:59.430437+00:00] 84788fd9-5875-43aa-a17a-1edf6c2dc1a4.INFO: User created: 123  
[2023-12-10T15:30:00.713691+00:00] 759c0fde-5f4c-4e01-b585-4b9d4d1cef66.INFO: User created: 123  
[2023-12-10T15:35:29.324019+00:00] 4034a265-b8f5-4f73-9343-6cee15db2315.INFO: User created: 123  
[2023-12-10T15:35:59.585118+00:00] 88faa005-1c9c-495d-b292-cc469da4d160.INFO: User created: 123  
[2023-12-10T15:36:04.302755+00:00] 66ca6aba-4402-42be-80af-0bafdd80fe20.INFO: User created: 123  
[2023-12-10T15:36:18.609663+00:00] 57f04737-d5b6-42e5-8cb2-5bc5483c19fb.INFO: User created: 123  
[2023-12-10T15:36:26.398286+00:00] e0ec3c26-b917-4ab1-a097-e058a3d0032b.INFO: User created: 123  
[2023-12-10T15:36:54.064707+00:00] ba804527-96f7-4458-a923-5f72321dde4e.INFO: User created: 123  
[2023-12-10T15:38:09.899721+00:00] 59f0d566-815a-41a5-af37-b9fc775e060f.INFO: User created: 123  
[2023-12-10T15:38:09.908737+00:00] 59f0d566-815a-41a5-af37-b9fc775e060f.ERROR: Unknown "path_for" function.  
[2023-12-10T15:38:47.334760+00:00] 82a765d5-a7ce-4b86-aefd-c96e0bfdb108.INFO: User created: 123  
[2023-12-10T15:38:47.339058+00:00] 82a765d5-a7ce-4b86-aefd-c96e0bfdb108.ERROR: Unknown "path_for" function.  
[2023-12-10T15:39:32.820950+00:00] 1bf7fbe9-5cca-47ab-b2a2-5a17e7c1789e.INFO: User created: 123  
[2023-12-10T15:39:32.827136+00:00] 1bf7fbe9-5cca-47ab-b2a2-5a17e7c1789e.ERROR: Unknown "path_for" function.  
[2023-12-10T15:40:57.002364+00:00] e1e7ebb8-7a1c-4f78-8e55-9e90dafa26d5.INFO: User created: 123  
[2023-12-10T15:40:57.009765+00:00] e1e7ebb8-7a1c-4f78-8e55-9e90dafa26d5.ERROR: Unknown "path_for" function.  
[2023-12-10T15:41:03.996345+00:00] 37954f57-55e1-405e-88b4-2bfd74b3c4c4.INFO: User created: 123  
[2023-12-10T15:41:04.002209+00:00] 37954f57-55e1-405e-88b4-2bfd74b3c4c4.ERROR: Unknown "path_for" function.  
[2023-12-10T15:42:04.911618+00:00] 51fd4fe8-8500-46db-b564-84fc7decbbbf.INFO: User created: 123  
[2023-12-10T15:42:04.915393+00:00] 51fd4fe8-8500-46db-b564-84fc7decbbbf.ERROR: Unknown "path_for" function.  
[2023-12-10T15:42:27.301994+00:00] 5a80f451-e423-47a6-9068-f3e4c2f9d206.INFO: User created: 123  
[2023-12-10T15:42:27.306878+00:00] 5a80f451-e423-47a6-9068-f3e4c2f9d206.ERROR: Unknown "path_for" function.  
[2023-12-10T15:42:41.925501+00:00] f4e91d8a-3468-467c-a3e6-752e39da45c2.INFO: User created: 123  
[2023-12-10T15:42:41.928995+00:00] f4e91d8a-3468-467c-a3e6-752e39da45c2.ERROR: Unknown "path_for" function.  
[2023-12-10T15:49:41.165400+00:00] 2c4dd84f-0aad-4ba9-bead-b705340d3be7.INFO: User created: 123  
[2023-12-10T15:49:48.947783+00:00] 385605c1-9dd7-45b6-8ad4-fbf2800c4027.INFO: User created: 123  
[2023-12-10T15:50:05.111192+00:00] 57c4ae86-9a93-4afe-a6bc-dd7adea49693.INFO: User created: 123  
[2023-12-10T15:50:06.479793+00:00] 3589e561-99c4-4568-84ce-88c90a08a90f.INFO: User created: 123  
[2023-12-10T15:50:08.349394+00:00] f91a0f9a-65bd-463b-b3b8-5775071c1a79.INFO: User created: 123  
[2023-12-10T15:50:09.242703+00:00] 1e114644-8c33-4fe1-a0a1-b29caf7d9235.INFO: User created: 123  
[2023-12-10T15:50:44.037052+00:00] 502c13c2-d593-4015-89e3-a6cbc337b9d6.INFO: User created: 123  
[2023-12-10T15:51:33.810609+00:00] 3c6ce2b1-c70c-4893-a6e9-61ce1bfec0f0.INFO: User created: 123  
[2023-12-10T15:51:43.564863+00:00] ad0874b6-1dcb-462d-9a02-b32c61898492.INFO: User created: 123  
[2023-12-10T15:55:33.167761+00:00] 3f937b2e-f666-4d6b-ac00-8066bbb096c2.INFO: User created: 123  
[2023-12-10T15:55:36.055672+00:00] 4d57aa62-4255-4ac0-8249-4545764d3c1c.INFO: User created: 123  
[2023-12-10T15:55:39.271680+00:00] 65bdd035-6b95-4d49-95b8-a16ba942e5f1.INFO: User created: 123  
[2023-12-10T15:55:49.113306+00:00] da078697-2198-4d5b-8c96-d8941c062a88.INFO: User created: 123  
[2023-12-10T15:58:34.723603+00:00] 726982ac-7f5c-468b-b1f8-8cbc949be76e.INFO: User created: 123  
[2023-12-10T15:58:42.714435+00:00] 3366a6e7-6b5c-4702-9114-d1f8dd7d26d8.INFO: User created: 123  
[2023-12-10T15:58:57.485300+00:00] d6ad9b5e-26f6-4ae0-8dba-cf19e9be4fe3.INFO: User created: 123  
[2023-12-10T15:59:14.936699+00:00] ac7f1256-92f3-4632-bdba-0fb050c7456a.INFO: User created: 123  
[2023-12-10T15:59:21.383613+00:00] 249a6f67-4b4f-4ee4-8769-d283fd5d8bd4.INFO: User created: 123  
[2023-12-10T15:59:23.511125+00:00] e5f93308-f8ad-4707-b0b9-581c5f4fe0d6.INFO: User created: 123  
